0 info it worked if it ends with ok
1 verbose cli [ '/usr/local/bin/node',
1 verbose cli   '/usr/local/bin/npm',
1 verbose cli   'install',
1 verbose cli   '-f',
1 verbose cli   'moongoose' ]
2 info using npm@1.4.28
3 info using node@v0.10.32
4 warn using --force I sure hope you know what you are doing.
5 verbose cache add [ 'moongoose', null ]
6 verbose cache add name=undefined spec="moongoose" args=["moongoose",null]
7 verbose parsed url { protocol: null,
7 verbose parsed url   slashes: null,
7 verbose parsed url   auth: null,
7 verbose parsed url   host: null,
7 verbose parsed url   port: null,
7 verbose parsed url   hostname: null,
7 verbose parsed url   hash: null,
7 verbose parsed url   search: null,
7 verbose parsed url   query: null,
7 verbose parsed url   pathname: 'moongoose',
7 verbose parsed url   path: 'moongoose',
7 verbose parsed url   href: 'moongoose' }
8 silly lockFile 01f8586d-moongoose moongoose
9 verbose lock moongoose /root/.npm/01f8586d-moongoose.lock
10 silly lockFile 01f8586d-moongoose moongoose
11 silly lockFile 01f8586d-moongoose moongoose
12 verbose addNamed [ 'moongoose', '' ]
13 verbose addNamed [ null, '*' ]
14 silly lockFile 5953e2d4-moongoose moongoose@
15 verbose lock moongoose@ /root/.npm/5953e2d4-moongoose.lock
16 silly addNameRange { name: 'moongoose', range: '*', hasData: false }
17 verbose request where is /moongoose
18 verbose request registry https://registry.npmjs.org/
19 verbose request id 92e1f5ea3e9e3821
20 verbose url raw /moongoose
21 verbose url resolving [ 'https://registry.npmjs.org/', './moongoose' ]
22 verbose url resolved https://registry.npmjs.org/moongoose
23 verbose request where is https://registry.npmjs.org/moongoose
24 info trying registry request attempt 1 at 09:19:22
25 http GET https://registry.npmjs.org/moongoose
26 http 404 https://registry.npmjs.org/moongoose
27 verbose headers { server: 'CouchDB/1.5.0 (Erlang OTP/R16B03)',
27 verbose headers   'content-type': 'application/json',
27 verbose headers   'cache-control': 'max-age=0',
27 verbose headers   'content-length': '51',
27 verbose headers   'accept-ranges': 'bytes',
27 verbose headers   date: 'Sat, 11 Jul 2015 06:19:22 GMT',
27 verbose headers   via: '1.1 varnish',
27 verbose headers   age: '0',
27 verbose headers   connection: 'keep-alive',
27 verbose headers   'x-served-by': 'cache-fra1233-FRA',
27 verbose headers   'x-cache': 'MISS',
27 verbose headers   'x-cache-hits': '0',
27 verbose headers   'x-timer': 'S1436595562.350660,VS0,VE419' }
28 silly registry.get cb [ 404,
28 silly registry.get   { server: 'CouchDB/1.5.0 (Erlang OTP/R16B03)',
28 silly registry.get     'content-type': 'application/json',
28 silly registry.get     'cache-control': 'max-age=0',
28 silly registry.get     'content-length': '51',
28 silly registry.get     'accept-ranges': 'bytes',
28 silly registry.get     date: 'Sat, 11 Jul 2015 06:19:22 GMT',
28 silly registry.get     via: '1.1 varnish',
28 silly registry.get     age: '0',
28 silly registry.get     connection: 'keep-alive',
28 silly registry.get     'x-served-by': 'cache-fra1233-FRA',
28 silly registry.get     'x-cache': 'MISS',
28 silly registry.get     'x-cache-hits': '0',
28 silly registry.get     'x-timer': 'S1436595562.350660,VS0,VE419' } ]
29 silly lockFile 5953e2d4-moongoose moongoose@
30 silly lockFile 5953e2d4-moongoose moongoose@
31 error 404 404 Not Found: moongoose
31 error 404
31 error 404 'moongoose' is not in the npm registry.
31 error 404 You should bug the author to publish it
31 error 404
31 error 404 Note that you can also install from a
31 error 404 tarball, folder, or http url, or git url.
32 error System Linux 3.8.0-34-generic
33 error command "/usr/local/bin/node" "/usr/local/bin/npm" "install" "-f" "moongoose"
34 error cwd /var/www/html/nopa.dev/app/search
35 error node -v v0.10.32
36 error npm -v 1.4.28
37 error code E404
38 verbose exit [ 1, true ]
